Build started 30.03.2021 21:34:28.
     1>Project "D:\CDesktopLink\civ5 DLL\DDL_Sources\DLL-VMC-master_MY\CvGameCoreDLL_Expansion2\CvGameCoreDLL_Expansion2.vs2010.vcxproj" on node 2 (build target(s)).
     1>InitializeBuildStatus:
         Creating "D:\CDesktopLink\civ5 DLL\DDL_Sources\DLL-VMC-master_MY\\BuildTemp\VS2010_CvGameCoreDLL_Expansion2ModWin32\CvGameCoreDLL_Expansion2.unsuccessfulbuild" because "AlwaysCreate" was specified.
       ClCompile:
         All outputs are up-to-date.
         C:\Program Files (x86)\Microsoft Visual Studio 9.0\VC\bin\CL.exe /c /I"D:\CDesktopLink\civ5 DLL\DDL_Sources\DLL-VMC-master_MY\CvWorldBuilderMap\include\\" /I"D:\CDesktopLink\civ5 DLL\DDL_Sources\DLL-VMC-master_MY\CvGameCoreDLLUtil\include\\" /I"D:\CDesktopLink\civ5 DLL\DDL_Sources\DLL-VMC-master_MY\CvLocalization\include\\" /I"D:\CDesktopLink\civ5 DLL\DDL_Sources\DLL-VMC-master_MY\CvGameDatabase\include\\" /I"D:\CDesktopLink\civ5 DLL\DDL_Sources\DLL-VMC-master_MY\FirePlace\include\\" /I"D:\CDesktopLink\civ5 DLL\DDL_Sources\DLL-VMC-master_MY\FirePlace\include\FireWorks\\" /I"D:\CDesktopLink\civ5 DLL\DDL_Sources\DLL-VMC-master_MY\ThirdPartyLibs\Lua51\include\\" /Zi /nologo /W3 /WX- /MP /Ox /Ob2 /Oi /Oy /D FXS_IS_DLL /D WIN32 /D NDEBUG /D _WINDOWS /D _USRDLL /D CVGAMECOREDLL_EXPORTS /D FINAL_RELEASE /D _CRT_SECURE_NO_WARNINGS /D _WINDLL /D _MBCS /Gm- /MD /GS- /Gy /fp:strict /Zc:wchar_t /Zc:forScope /Yu"CvGameCoreDLLPCH.h" /Fp"D:\CDesktopLink\civ5 DLL\DDL_Sources\DLL-VMC-master_MY\\BuildTemp\VS2010_CvGameCoreDLL_Expansion2ModWin32\CvGameCoreDLL_Expansion2Win32Mod.pch" /Fo"D:\CDesktopLink\civ5 DLL\DDL_Sources\DLL-VMC-master_MY\\BuildTemp\VS2010_CvGameCoreDLL_Expansion2ModWin32\\" /Fd"D:\CDesktopLink\civ5 DLL\DDL_Sources\DLL-VMC-master_MY\\BuildTemp\VS2010_CvGameCoreDLL_Expansion2ModWin32\vc90.pdb" /Gd /TP /analyze /errorReport:prompt Lua\CvLuaSupport.cpp /EHsc 
     1>cl : Command line warning D9040: ignoring option '/analyze'; Code Analysis warnings are not available in this edition of the compiler
         CvLuaSupport.cpp
       ResourceCompile:
         All outputs are up-to-date.
     1>C:\Program Files (x86)\MSBuild\Microsoft.Cpp\v4.0\Microsoft.CppBuild.targets(990,5): warning MSB8012: TargetPath(D:\CDesktopLink\civ5 DLL\DDL_Sources\DLL-VMC-master_MY\\BuildOutput\VS2010_ModWin32\CvGameCoreDLL_Expansion2Win32Mod.dll) does not match the Linker's OutputFile property value (D:\CDesktopLink\civ5 DLL\DDL_Sources\DLL-VMC-master_MY\BuildOutput\VS2010_ModWin32\CvGameCore_Expansion2.dll). This may cause your project to build incorrectly. To correct this, please make sure that $(OutDir), $(TargetName) and $(TargetExt) property values match the value specified in %(Link.OutputFile).
     1>C:\Program Files (x86)\MSBuild\Microsoft.Cpp\v4.0\Microsoft.CppBuild.targets(992,5): warning MSB8012: TargetName(CvGameCoreDLL_Expansion2Win32Mod) does not match the Linker's OutputFile property value (CvGameCore_Expansion2). This may cause your project to build incorrectly. To correct this, please make sure that $(OutDir), $(TargetName) and $(TargetExt) property values match the value specified in %(Link.OutputFile).
       Link:
         C:\Program Files (x86)\Microsoft Visual Studio 9.0\VC\bin\link.exe /ERRORREPORT:PROMPT /OUT:"D:\CDesktopLink\civ5 DLL\DDL_Sources\DLL-VMC-master_MY\\BuildOutput\VS2010_ModWin32\CvGameCore_Expansion2.dll" /INCREMENTAL:NO /LIBPATH:"D:\CDesktopLink\civ5 DLL\DDL_Sources\DLL-VMC-master_MY\\CvWorldBuilderMap\lib\\" /LIBPATH:"D:\CDesktopLink\civ5 DLL\DDL_Sources\DLL-VMC-master_MY\\CvGameCoreDLLUtil\lib\\" /LIBPATH:"D:\CDesktopLink\civ5 DLL\DDL_Sources\DLL-VMC-master_MY\\CvLocalization\lib\\" /LIBPATH:"D:\CDesktopLink\civ5 DLL\DDL_Sources\DLL-VMC-master_MY\\CvGameDatabase\lib\\" /LIBPATH:"D:\CDesktopLink\civ5 DLL\DDL_Sources\DLL-VMC-master_MY\FirePlace\lib\\" /LIBPATH:"D:\CDesktopLink\civ5 DLL\DDL_Sources\DLL-VMC-master_MY\ThirdPartyLibs\Lua51\lib\\" CvWorldBuilderMapWin32.lib CvGameCoreDLLUtilWin32.lib CvLocalizationWin32.lib CvGameDatabaseWin32.lib FireWorksWin32.lib FLuaWin32.lib lua51_Win32.lib winmm.lib kernel32.lib user32.lib gdi32.lib winspool.lib comdlg32.lib advapi32.lib shell32.lib ole32.lib oleaut32.lib uuid.lib odbc32.lib odbccp32.lib /DEF:"D:\CDesktopLink\civ5 DLL\DDL_Sources\DLL-VMC-master_MY\CvGameCoreDLL_Expansion2\CvGameCoreDLL.def" /MANIFEST /ManifestFile:"D:\CDesktopLink\civ5 DLL\DDL_Sources\DLL-VMC-master_MY\\BuildTemp\VS2010_CvGameCoreDLL_Expansion2ModWin32\CvGameCoreDLL_Expansion2Win32Mod.dll.intermediate.manifest" /MANIFESTUAC:"level='asInvoker' uiAccess='false'" /DEBUG /PDB:"D:\CDesktopLink\civ5 DLL\DDL_Sources\DLL-VMC-master_MY\\BuildOutput\VS2010_ModWin32\CvGameCoreDLL_Expansion2Win32Mod.pdb" /SUBSYSTEM:WINDOWS /LARGEADDRESSAWARE /OPT:REF /OPT:ICF /TLBID:1 /DYNAMICBASE:NO /IMPLIB:"D:\CDesktopLink\civ5 DLL\DDL_Sources\DLL-VMC-master_MY\\BuildOutput\VS2010_ModWin32\CvGameCoreDLL_Expansion2Win32Mod.lib" /MACHINE:X86 /DLL "D:\CDesktopLink\civ5 DLL\DDL_Sources\DLL-VMC-master_MY\\BuildTemp\VS2010_CvGameCoreDLL_Expansion2ModWin32\CvGameCoreDLL.res"
         "D:\CDesktopLink\civ5 DLL\DDL_Sources\DLL-VMC-master_MY\\BuildTemp\VS2010_CvGameCoreDLL_Expansion2ModWin32\CustomMods.obj"
         "D:\CDesktopLink\civ5 DLL\DDL_Sources\DLL-VMC-master_MY\\BuildTemp\VS2010_CvGameCoreDLL_Expansion2ModWin32\CvAchievementInfo.obj"
         "D:\CDesktopLink\civ5 DLL\DDL_Sources\DLL-VMC-master_MY\\BuildTemp\VS2010_CvGameCoreDLL_Expansion2ModWin32\CvCityManager.obj"
         "D:\CDesktopLink\civ5 DLL\DDL_Sources\DLL-VMC-master_MY\\BuildTemp\VS2010_CvGameCoreDLL_Expansion2ModWin32\CvEventLog.obj"
         "D:\CDesktopLink\civ5 DLL\DDL_Sources\DLL-VMC-master_MY\\BuildTemp\VS2010_CvGameCoreDLL_Expansion2ModWin32\CvGreatPersonInfo.obj"
         "D:\CDesktopLink\civ5 DLL\DDL_Sources\DLL-VMC-master_MY\\BuildTemp\VS2010_CvGameCoreDLL_Expansion2ModWin32\CvPlotInfo.obj"
         "D:\CDesktopLink\civ5 DLL\DDL_Sources\DLL-VMC-master_MY\\BuildTemp\VS2010_CvGameCoreDLL_Expansion2ModWin32\CvQuestInfo.obj"
         "D:\CDesktopLink\civ5 DLL\DDL_Sources\DLL-VMC-master_MY\\BuildTemp\VS2010_CvGameCoreDLL_Expansion2ModWin32\CvTargeting.obj"
         "D:\CDesktopLink\civ5 DLL\DDL_Sources\DLL-VMC-master_MY\\BuildTemp\VS2010_CvGameCoreDLL_Expansion2ModWin32\_precompile.obj"
         "D:\CDesktopLink\civ5 DLL\DDL_Sources\DLL-VMC-master_MY\\BuildTemp\VS2010_CvGameCoreDLL_Expansion2ModWin32\CvAchievementUnlocker.obj"
         "D:\CDesktopLink\civ5 DLL\DDL_Sources\DLL-VMC-master_MY\\BuildTemp\VS2010_CvGameCoreDLL_Expansion2ModWin32\CvAdvisorCounsel.obj"
         "D:\CDesktopLink\civ5 DLL\DDL_Sources\DLL-VMC-master_MY\\BuildTemp\VS2010_CvGameCoreDLL_Expansion2ModWin32\CvAdvisorRecommender.obj"
         "D:\CDesktopLink\civ5 DLL\DDL_Sources\DLL-VMC-master_MY\\BuildTemp\VS2010_CvGameCoreDLL_Expansion2ModWin32\CvAIOperation.obj"
         "D:\CDesktopLink\civ5 DLL\DDL_Sources\DLL-VMC-master_MY\\BuildTemp\VS2010_CvGameCoreDLL_Expansion2ModWin32\CvArea.obj"
         "D:\CDesktopLink\civ5 DLL\DDL_Sources\DLL-VMC-master_MY\\BuildTemp\VS2010_CvGameCoreDLL_Expansion2ModWin32\CvArmyAI.obj"
         "D:\CDesktopLink\civ5 DLL\DDL_Sources\DLL-VMC-master_MY\\BuildTemp\VS2010_CvGameCoreDLL_Expansion2ModWin32\CvAStar.obj"
         "D:\CDesktopLink\civ5 DLL\DDL_Sources\DLL-VMC-master_MY\\BuildTemp\VS2010_CvGameCoreDLL_Expansion2ModWin32\CvBarbarians.obj"
         "D:\CDesktopLink\civ5 DLL\DDL_Sources\DLL-VMC-master_MY\\BuildTemp\VS2010_CvGameCoreDLL_Expansion2ModWin32\CvBeliefClasses.obj"
         "D:\CDesktopLink\civ5 DLL\DDL_Sources\DLL-VMC-master_MY\\BuildTemp\VS2010_CvGameCoreDLL_Expansion2ModWin32\CvBuilderTaskingAI.obj"
         "D:\CDesktopLink\civ5 DLL\DDL_Sources\DLL-VMC-master_MY\\BuildTemp\VS2010_CvGameCoreDLL_Expansion2ModWin32\CvBuildingClasses.obj"
         "D:\CDesktopLink\civ5 DLL\DDL_Sources\DLL-VMC-master_MY\\BuildTemp\VS2010_CvGameCoreDLL_Expansion2ModWin32\CvBuildingProductionAI.obj"
         "D:\CDesktopLink\civ5 DLL\DDL_Sources\DLL-VMC-master_MY\\BuildTemp\VS2010_CvGameCoreDLL_Expansion2ModWin32\CvCity.obj"
         "D:\CDesktopLink\civ5 DLL\DDL_Sources\DLL-VMC-master_MY\\BuildTemp\VS2010_CvGameCoreDLL_Expansion2ModWin32\CvCityAI.obj"
         "D:\CDesktopLink\civ5 DLL\DDL_Sources\DLL-VMC-master_MY\\BuildTemp\VS2010_CvGameCoreDLL_Expansion2ModWin32\CvCityCitizens.obj"
         "D:\CDesktopLink\civ5 DLL\DDL_Sources\DLL-VMC-master_MY\\BuildTemp\VS2010_CvGameCoreDLL_Expansion2ModWin32\CvCityConnections.obj"
         "D:\CDesktopLink\civ5 DLL\DDL_Sources\DLL-VMC-master_MY\\BuildTemp\VS2010_CvGameCoreDLL_Expansion2ModWin32\CvCitySpecializationAI.obj"
         "D:\CDesktopLink\civ5 DLL\DDL_Sources\DLL-VMC-master_MY\\BuildTemp\VS2010_CvGameCoreDLL_Expansion2ModWin32\CvCityStrategyAI.obj"
         "D:\CDesktopLink\civ5 DLL\DDL_Sources\DLL-VMC-master_MY\\BuildTemp\VS2010_CvGameCoreDLL_Expansion2ModWin32\CvCultureClasses.obj"
         "D:\CDesktopLink\civ5 DLL\DDL_Sources\DLL-VMC-master_MY\\BuildTemp\VS2010_CvGameCoreDLL_Expansion2ModWin32\CvDangerPlots.obj"
         "D:\CDesktopLink\civ5 DLL\DDL_Sources\DLL-VMC-master_MY\\BuildTemp\VS2010_CvGameCoreDLL_Expansion2ModWin32\CvDatabaseUtility.obj"
         "D:\CDesktopLink\civ5 DLL\DDL_Sources\DLL-VMC-master_MY\\BuildTemp\VS2010_CvGameCoreDLL_Expansion2ModWin32\CvDealAI.obj"
         "D:\CDesktopLink\civ5 DLL\DDL_Sources\DLL-VMC-master_MY\\BuildTemp\VS2010_CvGameCoreDLL_Expansion2ModWin32\CvDealClasses.obj"
         "D:\CDesktopLink\civ5 DLL\DDL_Sources\DLL-VMC-master_MY\\BuildTemp\VS2010_CvGameCoreDLL_Expansion2ModWin32\CvDiplomacyAI.obj"
         "D:\CDesktopLink\civ5 DLL\DDL_Sources\DLL-VMC-master_MY\\BuildTemp\VS2010_CvGameCoreDLL_Expansion2ModWin32\CvDiplomacyRequests.obj"
         "D:\CDesktopLink\civ5 DLL\DDL_Sources\DLL-VMC-master_MY\\BuildTemp\VS2010_CvGameCoreDLL_Expansion2ModWin32\CvEconomicAI.obj"
         "D:\CDesktopLink\civ5 DLL\DDL_Sources\DLL-VMC-master_MY\\BuildTemp\VS2010_CvGameCoreDLL_Expansion2ModWin32\CvEmphasisClasses.obj"
         "D:\CDesktopLink\civ5 DLL\DDL_Sources\DLL-VMC-master_MY\\BuildTemp\VS2010_CvGameCoreDLL_Expansion2ModWin32\CvEspionageClasses.obj"
         "D:\CDesktopLink\civ5 DLL\DDL_Sources\DLL-VMC-master_MY\\BuildTemp\VS2010_CvGameCoreDLL_Expansion2ModWin32\CvFlavorManager.obj"
         "D:\CDesktopLink\civ5 DLL\DDL_Sources\DLL-VMC-master_MY\\BuildTemp\VS2010_CvGameCoreDLL_Expansion2ModWin32\CvFractal.obj"
         "D:\CDesktopLink\civ5 DLL\DDL_Sources\DLL-VMC-master_MY\\BuildTemp\VS2010_CvGameCoreDLL_Expansion2ModWin32\CvGame.obj"
         "D:\CDesktopLink\civ5 DLL\DDL_Sources\DLL-VMC-master_MY\\BuildTemp\VS2010_CvGameCoreDLL_Expansion2ModWin32\CvGameCoreDLL.obj"
         "D:\CDesktopLink\civ5 DLL\DDL_Sources\DLL-VMC-master_MY\\BuildTemp\VS2010_CvGameCoreDLL_Expansion2ModWin32\CvGameCoreEnumSerialization.obj"
         "D:\CDesktopLink\civ5 DLL\DDL_Sources\DLL-VMC-master_MY\\BuildTemp\VS2010_CvGameCoreDLL_Expansion2ModWin32\CvGameCoreUtils.obj"
         "D:\CDesktopLink\civ5 DLL\DDL_Sources\DLL-VMC-master_MY\\BuildTemp\VS2010_CvGameCoreDLL_Expansion2ModWin32\CvGameQueries.obj"
         "D:\CDesktopLink\civ5 DLL\DDL_Sources\DLL-VMC-master_MY\\BuildTemp\VS2010_CvGameCoreDLL_Expansion2ModWin32\CvGameTextMgr.obj"
         "D:\CDesktopLink\civ5 DLL\DDL_Sources\DLL-VMC-master_MY\\BuildTemp\VS2010_CvGameCoreDLL_Expansion2ModWin32\CvGlobals.obj"
         "D:\CDesktopLink\civ5 DLL\DDL_Sources\DLL-VMC-master_MY\\BuildTemp\VS2010_CvGameCoreDLL_Expansion2ModWin32\CvGoodyHuts.obj"
         "D:\CDesktopLink\civ5 DLL\DDL_Sources\DLL-VMC-master_MY\\BuildTemp\VS2010_CvGameCoreDLL_Expansion2ModWin32\CvGrandStrategyAI.obj"
         "D:\CDesktopLink\civ5 DLL\DDL_Sources\DLL-VMC-master_MY\\BuildTemp\VS2010_CvGameCoreDLL_Expansion2ModWin32\CvHomelandAI.obj"
         "D:\CDesktopLink\civ5 DLL\DDL_Sources\DLL-VMC-master_MY\\BuildTemp\VS2010_CvGameCoreDLL_Expansion2ModWin32\CvImprovementClasses.obj"
         "D:\CDesktopLink\civ5 DLL\DDL_Sources\DLL-VMC-master_MY\\BuildTemp\VS2010_CvGameCoreDLL_Expansion2ModWin32\CvInfos.obj"
         "D:\CDesktopLink\civ5 DLL\DDL_Sources\DLL-VMC-master_MY\\BuildTemp\VS2010_CvGameCoreDLL_Expansion2ModWin32\CvInfosSerializationHelper.obj"
         "D:\CDesktopLink\civ5 DLL\DDL_Sources\DLL-VMC-master_MY\\BuildTemp\VS2010_CvGameCoreDLL_Expansion2ModWin32\CvInternalGameCoreUtils.obj"
         "D:\CDesktopLink\civ5 DLL\DDL_Sources\DLL-VMC-master_MY\\BuildTemp\VS2010_CvGameCoreDLL_Expansion2ModWin32\CvMap.obj"
         "D:\CDesktopLink\civ5 DLL\DDL_Sources\DLL-VMC-master_MY\\BuildTemp\VS2010_CvGameCoreDLL_Expansion2ModWin32\CvMapGenerator.obj"
         "D:\CDesktopLink\civ5 DLL\DDL_Sources\DLL-VMC-master_MY\\BuildTemp\VS2010_CvGameCoreDLL_Expansion2ModWin32\CvMilitaryAI.obj"
         "D:\CDesktopLink\civ5 DLL\DDL_Sources\DLL-VMC-master_MY\\BuildTemp\VS2010_CvGameCoreDLL_Expansion2ModWin32\CvMinorCivAI.obj"
         "D:\CDesktopLink\civ5 DLL\DDL_Sources\DLL-VMC-master_MY\\BuildTemp\VS2010_CvGameCoreDLL_Expansion2ModWin32\CvNotificationClasses.obj"
         "D:\CDesktopLink\civ5 DLL\DDL_Sources\DLL-VMC-master_MY\\BuildTemp\VS2010_CvGameCoreDLL_Expansion2ModWin32\CvNotifications.obj"
         "D:\CDesktopLink\civ5 DLL\DDL_Sources\DLL-VMC-master_MY\\BuildTemp\VS2010_CvGameCoreDLL_Expansion2ModWin32\CvPlayer.obj"
         "D:\CDesktopLink\civ5 DLL\DDL_Sources\DLL-VMC-master_MY\\BuildTemp\VS2010_CvGameCoreDLL_Expansion2ModWin32\CvPlayerAI.obj"
         "D:\CDesktopLink\civ5 DLL\DDL_Sources\DLL-VMC-master_MY\\BuildTemp\VS2010_CvGameCoreDLL_Expansion2ModWin32\CvPlayerManager.obj"
         "D:\CDesktopLink\civ5 DLL\DDL_Sources\DLL-VMC-master_MY\\BuildTemp\VS2010_CvGameCoreDLL_Expansion2ModWin32\CvPlot.obj"
         "D:\CDesktopLink\civ5 DLL\DDL_Sources\DLL-VMC-master_MY\\BuildTemp\VS2010_CvGameCoreDLL_Expansion2ModWin32\CvPlotManager.obj"
         "D:\CDesktopLink\civ5 DLL\DDL_Sources\DLL-VMC-master_MY\\BuildTemp\VS2010_CvGameCoreDLL_Expansion2ModWin32\CvPolicyAI.obj"
         "D:\CDesktopLink\civ5 DLL\DDL_Sources\DLL-VMC-master_MY\\BuildTemp\VS2010_CvGameCoreDLL_Expansion2ModWin32\CvPolicyClasses.obj"
         "D:\CDesktopLink\civ5 DLL\DDL_Sources\DLL-VMC-master_MY\\BuildTemp\VS2010_CvGameCoreDLL_Expansion2ModWin32\CvPopupInfoSerialization.obj"
         "D:\CDesktopLink\civ5 DLL\DDL_Sources\DLL-VMC-master_MY\\BuildTemp\VS2010_CvGameCoreDLL_Expansion2ModWin32\CvPopupReturn.obj"
         "D:\CDesktopLink\civ5 DLL\DDL_Sources\DLL-VMC-master_MY\\BuildTemp\VS2010_CvGameCoreDLL_Expansion2ModWin32\CvPreGame.obj"
         "D:\CDesktopLink\civ5 DLL\DDL_Sources\DLL-VMC-master_MY\\BuildTemp\VS2010_CvGameCoreDLL_Expansion2ModWin32\CvProcessProductionAI.obj"
         "D:\CDesktopLink\civ5 DLL\DDL_Sources\DLL-VMC-master_MY\\BuildTemp\VS2010_CvGameCoreDLL_Expansion2ModWin32\CvProjectClasses.obj"
         "D:\CDesktopLink\civ5 DLL\DDL_Sources\DLL-VMC-master_MY\\BuildTemp\VS2010_CvGameCoreDLL_Expansion2ModWin32\CvProjectProductionAI.obj"
         "D:\CDesktopLink\civ5 DLL\DDL_Sources\DLL-VMC-master_MY\\BuildTemp\VS2010_CvGameCoreDLL_Expansion2ModWin32\CvPromotionClasses.obj"
         "D:\CDesktopLink\civ5 DLL\DDL_Sources\DLL-VMC-master_MY\\BuildTemp\VS2010_CvGameCoreDLL_Expansion2ModWin32\CvRandom.obj"
         "D:\CDesktopLink\civ5 DLL\DDL_Sources\DLL-VMC-master_MY\\BuildTemp\VS2010_CvGameCoreDLL_Expansion2ModWin32\CvReligionClasses.obj"
         "D:\CDesktopLink\civ5 DLL\DDL_Sources\DLL-VMC-master_MY\\BuildTemp\VS2010_CvGameCoreDLL_Expansion2ModWin32\CvReplayInfo.obj"
         "D:\CDesktopLink\civ5 DLL\DDL_Sources\DLL-VMC-master_MY\\BuildTemp\VS2010_CvGameCoreDLL_Expansion2ModWin32\CvReplayMessage.obj"
         "D:\CDesktopLink\civ5 DLL\DDL_Sources\DLL-VMC-master_MY\\BuildTemp\VS2010_CvGameCoreDLL_Expansion2ModWin32\CvSiteEvaluationClasses.obj"
         "D:\CDesktopLink\civ5 DLL\DDL_Sources\DLL-VMC-master_MY\\BuildTemp\VS2010_CvGameCoreDLL_Expansion2ModWin32\CvStartPositioner.obj"
         "D:\CDesktopLink\civ5 DLL\DDL_Sources\DLL-VMC-master_MY\\BuildTemp\VS2010_CvGameCoreDLL_Expansion2ModWin32\cvStopWatch.obj"
         "D:\CDesktopLink\civ5 DLL\DDL_Sources\DLL-VMC-master_MY\\BuildTemp\VS2010_CvGameCoreDLL_Expansion2ModWin32\CvStructs.obj"
         "D:\CDesktopLink\civ5 DLL\DDL_Sources\DLL-VMC-master_MY\\BuildTemp\VS2010_CvGameCoreDLL_Expansion2ModWin32\CvTacticalAI.obj"
         "D:\CDesktopLink\civ5 DLL\DDL_Sources\DLL-VMC-master_MY\\BuildTemp\VS2010_CvGameCoreDLL_Expansion2ModWin32\CvTacticalAnalysisMap.obj"
         "D:\CDesktopLink\civ5 DLL\DDL_Sources\DLL-VMC-master_MY\\BuildTemp\VS2010_CvGameCoreDLL_Expansion2ModWin32\CvTeam.obj"
         "D:\CDesktopLink\civ5 DLL\DDL_Sources\DLL-VMC-master_MY\\BuildTemp\VS2010_CvGameCoreDLL_Expansion2ModWin32\CvTechAI.obj"
         "D:\CDesktopLink\civ5 DLL\DDL_Sources\DLL-VMC-master_MY\\BuildTemp\VS2010_CvGameCoreDLL_Expansion2ModWin32\CvTechClasses.obj"
         "D:\CDesktopLink\civ5 DLL\DDL_Sources\DLL-VMC-master_MY\\BuildTemp\VS2010_CvGameCoreDLL_Expansion2ModWin32\CvTradeClasses.obj"
         "D:\CDesktopLink\civ5 DLL\DDL_Sources\DLL-VMC-master_MY\\BuildTemp\VS2010_CvGameCoreDLL_Expansion2ModWin32\CvTraitClasses.obj"
         "D:\CDesktopLink\civ5 DLL\DDL_Sources\DLL-VMC-master_MY\\BuildTemp\VS2010_CvGameCoreDLL_Expansion2ModWin32\CvTreasury.obj"
         "D:\CDesktopLink\civ5 DLL\DDL_Sources\DLL-VMC-master_MY\\BuildTemp\VS2010_CvGameCoreDLL_Expansion2ModWin32\CvTypes.obj"
         "D:\CDesktopLink\civ5 DLL\DDL_Sources\DLL-VMC-master_MY\\BuildTemp\VS2010_CvGameCoreDLL_Expansion2ModWin32\CvUnit.obj"
         "D:\CDesktopLink\civ5 DLL\DDL_Sources\DLL-VMC-master_MY\\BuildTemp\VS2010_CvGameCoreDLL_Expansion2ModWin32\CvUnitClasses.obj"
         "D:\CDesktopLink\civ5 DLL\DDL_Sources\DLL-VMC-master_MY\\BuildTemp\VS2010_CvGameCoreDLL_Expansion2ModWin32\CvUnitCombat.obj"
         "D:\CDesktopLink\civ5 DLL\DDL_Sources\DLL-VMC-master_MY\\BuildTemp\VS2010_CvGameCoreDLL_Expansion2ModWin32\CvUnitCycler.obj"
         "D:\CDesktopLink\civ5 DLL\DDL_Sources\DLL-VMC-master_MY\\BuildTemp\VS2010_CvGameCoreDLL_Expansion2ModWin32\CvUnitMission.obj"
         "D:\CDesktopLink\civ5 DLL\DDL_Sources\DLL-VMC-master_MY\\BuildTemp\VS2010_CvGameCoreDLL_Expansion2ModWin32\CvUnitMovement.obj"
         "D:\CDesktopLink\civ5 DLL\DDL_Sources\DLL-VMC-master_MY\\BuildTemp\VS2010_CvGameCoreDLL_Expansion2ModWin32\CvUnitProductionAI.obj"
         "D:\CDesktopLink\civ5 DLL\DDL_Sources\DLL-VMC-master_MY\\BuildTemp\VS2010_CvGameCoreDLL_Expansion2ModWin32\CvVotingClasses.obj"
         "D:\CDesktopLink\civ5 DLL\DDL_Sources\DLL-VMC-master_MY\\BuildTemp\VS2010_CvGameCoreDLL_Expansion2ModWin32\CvWonderProductionAI.obj"
         "D:\CDesktopLink\civ5 DLL\DDL_Sources\DLL-VMC-master_MY\\BuildTemp\VS2010_CvGameCoreDLL_Expansion2ModWin32\CvWorldBuilderMapLoader.obj"
         "D:\CDesktopLink\civ5 DLL\DDL_Sources\DLL-VMC-master_MY\\BuildTemp\VS2010_CvGameCoreDLL_Expansion2ModWin32\CvDllBuildInfo.obj"
         "D:\CDesktopLink\civ5 DLL\DDL_Sources\DLL-VMC-master_MY\\BuildTemp\VS2010_CvGameCoreDLL_Expansion2ModWin32\CvDllBuildingInfo.obj"
         "D:\CDesktopLink\civ5 DLL\DDL_Sources\DLL-VMC-master_MY\\BuildTemp\VS2010_CvGameCoreDLL_Expansion2ModWin32\CvDllCity.obj"
         "D:\CDesktopLink\civ5 DLL\DDL_Sources\DLL-VMC-master_MY\\BuildTemp\VS2010_CvGameCoreDLL_Expansion2ModWin32\CvDllCivilizationInfo.obj"
         "D:\CDesktopLink\civ5 DLL\DDL_Sources\DLL-VMC-master_MY\\BuildTemp\VS2010_CvGameCoreDLL_Expansion2ModWin32\CvDllColorInfo.obj"
         "D:\CDesktopLink\civ5 DLL\DDL_Sources\DLL-VMC-master_MY\\BuildTemp\VS2010_CvGameCoreDLL_Expansion2ModWin32\CvDllCombatInfo.obj"
         "D:\CDesktopLink\civ5 DLL\DDL_Sources\DLL-VMC-master_MY\\BuildTemp\VS2010_CvGameCoreDLL_Expansion2ModWin32\CvDllContext.obj"
         "D:\CDesktopLink\civ5 DLL\DDL_Sources\DLL-VMC-master_MY\\BuildTemp\VS2010_CvGameCoreDLL_Expansion2ModWin32\CvDllDatabaseUtility.obj"
         "D:\CDesktopLink\civ5 DLL\DDL_Sources\DLL-VMC-master_MY\\BuildTemp\VS2010_CvGameCoreDLL_Expansion2ModWin32\CvDllDeal.obj"
         "D:\CDesktopLink\civ5 DLL\DDL_Sources\DLL-VMC-master_MY\\BuildTemp\VS2010_CvGameCoreDLL_Expansion2ModWin32\CvDllDealAI.obj"
         "D:\CDesktopLink\civ5 DLL\DDL_Sources\DLL-VMC-master_MY\\BuildTemp\VS2010_CvGameCoreDLL_Expansion2ModWin32\CvDllDiplomacyAI.obj"
         "D:\CDesktopLink\civ5 DLL\DDL_Sources\DLL-VMC-master_MY\\BuildTemp\VS2010_CvGameCoreDLL_Expansion2ModWin32\CvDllDlcPackageInfo.obj"
         "D:\CDesktopLink\civ5 DLL\DDL_Sources\DLL-VMC-master_MY\\BuildTemp\VS2010_CvGameCoreDLL_Expansion2ModWin32\CvDllEraInfo.obj"
         "D:\CDesktopLink\civ5 DLL\DDL_Sources\DLL-VMC-master_MY\\BuildTemp\VS2010_CvGameCoreDLL_Expansion2ModWin32\CvDllFeatureInfo.obj"
         "D:\CDesktopLink\civ5 DLL\DDL_Sources\DLL-VMC-master_MY\\BuildTemp\VS2010_CvGameCoreDLL_Expansion2ModWin32\CvDllGame.obj"
         "D:\CDesktopLink\civ5 DLL\DDL_Sources\DLL-VMC-master_MY\\BuildTemp\VS2010_CvGameCoreDLL_Expansion2ModWin32\CvDllGameAsynch.obj"
         "D:\CDesktopLink\civ5 DLL\DDL_Sources\DLL-VMC-master_MY\\BuildTemp\VS2010_CvGameCoreDLL_Expansion2ModWin32\CvDllGameDeals.obj"
         "D:\CDesktopLink\civ5 DLL\DDL_Sources\DLL-VMC-master_MY\\BuildTemp\VS2010_CvGameCoreDLL_Expansion2ModWin32\CvDllGameOptionInfo.obj"
         "D:\CDesktopLink\civ5 DLL\DDL_Sources\DLL-VMC-master_MY\\BuildTemp\VS2010_CvGameCoreDLL_Expansion2ModWin32\CvDllGameSpeedInfo.obj"
         "D:\CDesktopLink\civ5 DLL\DDL_Sources\DLL-VMC-master_MY\\BuildTemp\VS2010_CvGameCoreDLL_Expansion2ModWin32\CvDllHandicapInfo.obj"
         "D:\CDesktopLink\civ5 DLL\DDL_Sources\DLL-VMC-master_MY\\BuildTemp\VS2010_CvGameCoreDLL_Expansion2ModWin32\CvDllImprovementInfo.obj"
         "D:\CDesktopLink\civ5 DLL\DDL_Sources\DLL-VMC-master_MY\\BuildTemp\VS2010_CvGameCoreDLL_Expansion2ModWin32\CvDllInterfaceModeInfo.obj"
         "D:\CDesktopLink\civ5 DLL\DDL_Sources\DLL-VMC-master_MY\\BuildTemp\VS2010_CvGameCoreDLL_Expansion2ModWin32\CvDllLeaderheadInfo.obj"
         "D:\CDesktopLink\civ5 DLL\DDL_Sources\DLL-VMC-master_MY\\BuildTemp\VS2010_CvGameCoreDLL_Expansion2ModWin32\CvDllMap.obj"
         "D:\CDesktopLink\civ5 DLL\DDL_Sources\DLL-VMC-master_MY\\BuildTemp\VS2010_CvGameCoreDLL_Expansion2ModWin32\CvDllMinorCivInfo.obj"
         "D:\CDesktopLink\civ5 DLL\DDL_Sources\DLL-VMC-master_MY\\BuildTemp\VS2010_CvGameCoreDLL_Expansion2ModWin32\CvDllMissionData.obj"
         "D:\CDesktopLink\civ5 DLL\DDL_Sources\DLL-VMC-master_MY\\BuildTemp\VS2010_CvGameCoreDLL_Expansion2ModWin32\CvDllMissionInfo.obj"
         "D:\CDesktopLink\civ5 DLL\DDL_Sources\DLL-VMC-master_MY\\BuildTemp\VS2010_CvGameCoreDLL_Expansion2ModWin32\CvDllNetInitInfo.obj"
         "D:\CDesktopLink\civ5 DLL\DDL_Sources\DLL-VMC-master_MY\\BuildTemp\VS2010_CvGameCoreDLL_Expansion2ModWin32\CvDllNetLoadGameInfo.obj"
         "D:\CDesktopLink\civ5 DLL\DDL_Sources\DLL-VMC-master_MY\\BuildTemp\VS2010_CvGameCoreDLL_Expansion2ModWin32\CvDllNetMessageHandler.obj"
         "D:\CDesktopLink\civ5 DLL\DDL_Sources\DLL-VMC-master_MY\\BuildTemp\VS2010_CvGameCoreDLL_Expansion2ModWin32\CvDllNetworkSyncronization.obj"
         "D:\CDesktopLink\civ5 DLL\DDL_Sources\DLL-VMC-master_MY\\BuildTemp\VS2010_CvGameCoreDLL_Expansion2ModWin32\CvDllPathFinderUpdate.obj"
         "D:\CDesktopLink\civ5 DLL\DDL_Sources\DLL-VMC-master_MY\\BuildTemp\VS2010_CvGameCoreDLL_Expansion2ModWin32\CvDllPlayer.obj"
         "D:\CDesktopLink\civ5 DLL\DDL_Sources\DLL-VMC-master_MY\\BuildTemp\VS2010_CvGameCoreDLL_Expansion2ModWin32\CvDllPlayerColorInfo.obj"
         "D:\CDesktopLink\civ5 DLL\DDL_Sources\DLL-VMC-master_MY\\BuildTemp\VS2010_CvGameCoreDLL_Expansion2ModWin32\CvDllPlayerOptionInfo.obj"
         "D:\CDesktopLink\civ5 DLL\DDL_Sources\DLL-VMC-master_MY\\BuildTemp\VS2010_CvGameCoreDLL_Expansion2ModWin32\CvDllPlot.obj"
         "D:\CDesktopLink\civ5 DLL\DDL_Sources\DLL-VMC-master_MY\\BuildTemp\VS2010_CvGameCoreDLL_Expansion2ModWin32\CvDllPolicyInfo.obj"
         "D:\CDesktopLink\civ5 DLL\DDL_Sources\DLL-VMC-master_MY\\BuildTemp\VS2010_CvGameCoreDLL_Expansion2ModWin32\CvDllPreGame.obj"
         "D:\CDesktopLink\civ5 DLL\DDL_Sources\DLL-VMC-master_MY\\BuildTemp\VS2010_CvGameCoreDLL_Expansion2ModWin32\CvDllPromotionInfo.obj"
         "D:\CDesktopLink\civ5 DLL\DDL_Sources\DLL-VMC-master_MY\\BuildTemp\VS2010_CvGameCoreDLL_Expansion2ModWin32\CvDllRandom.obj"
         "D:\CDesktopLink\civ5 DLL\DDL_Sources\DLL-VMC-master_MY\\BuildTemp\VS2010_CvGameCoreDLL_Expansion2ModWin32\CvDllResourceInfo.obj"
         "D:\CDesktopLink\civ5 DLL\DDL_Sources\DLL-VMC-master_MY\\BuildTemp\VS2010_CvGameCoreDLL_Expansion2ModWin32\CvDllScriptSystemUtility.obj"
         "D:\CDesktopLink\civ5 DLL\DDL_Sources\DLL-VMC-master_MY\\BuildTemp\VS2010_CvGameCoreDLL_Expansion2ModWin32\CvDllTeam.obj"
         "D:\CDesktopLink\civ5 DLL\DDL_Sources\DLL-VMC-master_MY\\BuildTemp\VS2010_CvGameCoreDLL_Expansion2ModWin32\CvDllTechInfo.obj"
         "D:\CDesktopLink\civ5 DLL\DDL_Sources\DLL-VMC-master_MY\\BuildTemp\VS2010_CvGameCoreDLL_Expansion2ModWin32\CvDllTerrainInfo.obj"
         "D:\CDesktopLink\civ5 DLL\DDL_Sources\DLL-VMC-master_MY\\BuildTemp\VS2010_CvGameCoreDLL_Expansion2ModWin32\CvDllUnit.obj"
         "D:\CDesktopLink\civ5 DLL\DDL_Sources\DLL-VMC-master_MY\\BuildTemp\VS2010_CvGameCoreDLL_Expansion2ModWin32\CvDllUnitCombatClassInfo.obj"
         "D:\CDesktopLink\civ5 DLL\DDL_Sources\DLL-VMC-master_MY\\BuildTemp\VS2010_CvGameCoreDLL_Expansion2ModWin32\CvDllUnitInfo.obj"
         "D:\CDesktopLink\civ5 DLL\DDL_Sources\DLL-VMC-master_MY\\BuildTemp\VS2010_CvGameCoreDLL_Expansion2ModWin32\CvDllVictoryInfo.obj"
         "D:\CDesktopLink\civ5 DLL\DDL_Sources\DLL-VMC-master_MY\\BuildTemp\VS2010_CvGameCoreDLL_Expansion2ModWin32\CvDllWorldBuilderMapLoader.obj"
         "D:\CDesktopLink\civ5 DLL\DDL_Sources\DLL-VMC-master_MY\\BuildTemp\VS2010_CvGameCoreDLL_Expansion2ModWin32\CvDllWorldInfo.obj"
         "D:\CDesktopLink\civ5 DLL\DDL_Sources\DLL-VMC-master_MY\\BuildTemp\VS2010_CvGameCoreDLL_Expansion2ModWin32\CvLuaArea.obj"
         "D:\CDesktopLink\civ5 DLL\DDL_Sources\DLL-VMC-master_MY\\BuildTemp\VS2010_CvGameCoreDLL_Expansion2ModWin32\CvLuaArgsHandle.obj"
         "D:\CDesktopLink\civ5 DLL\DDL_Sources\DLL-VMC-master_MY\\BuildTemp\VS2010_CvGameCoreDLL_Expansion2ModWin32\CvLuaCity.obj"
         "D:\CDesktopLink\civ5 DLL\DDL_Sources\DLL-VMC-master_MY\\BuildTemp\VS2010_CvGameCoreDLL_Expansion2ModWin32\CvLuaDeal.obj"
         "D:\CDesktopLink\civ5 DLL\DDL_Sources\DLL-VMC-master_MY\\BuildTemp\VS2010_CvGameCoreDLL_Expansion2ModWin32\CvLuaEnums.obj"
         "D:\CDesktopLink\civ5 DLL\DDL_Sources\DLL-VMC-master_MY\\BuildTemp\VS2010_CvGameCoreDLL_Expansion2ModWin32\CvLuaFractal.obj"
         "D:\CDesktopLink\civ5 DLL\DDL_Sources\DLL-VMC-master_MY\\BuildTemp\VS2010_CvGameCoreDLL_Expansion2ModWin32\CvLuaGame.obj"
         "D:\CDesktopLink\civ5 DLL\DDL_Sources\DLL-VMC-master_MY\\BuildTemp\VS2010_CvGameCoreDLL_Expansion2ModWin32\CvLuaGameInfo.obj"
         "D:\CDesktopLink\civ5 DLL\DDL_Sources\DLL-VMC-master_MY\\BuildTemp\VS2010_CvGameCoreDLL_Expansion2ModWin32\CvLuaLeague.obj"
         "D:\CDesktopLink\civ5 DLL\DDL_Sources\DLL-VMC-master_MY\\BuildTemp\VS2010_CvGameCoreDLL_Expansion2ModWin32\CvLuaMap.obj"
         "D:\CDesktopLink\civ5 DLL\DDL_Sources\DLL-VMC-master_MY\\BuildTemp\VS2010_CvGameCoreDLL_Expansion2ModWin32\CvLuaPlayer.obj"
         "D:\CDesktopLink\civ5 DLL\DDL_Sources\DLL-VMC-master_MY\\BuildTemp\VS2010_CvGameCoreDLL_Expansion2ModWin32\CvLuaPlot.obj"
         "D:\CDesktopLink\civ5 DLL\DDL_Sources\DLL-VMC-master_MY\\BuildTemp\VS2010_CvGameCoreDLL_Expansion2ModWin32\CvLuaSupport.obj"
         "D:\CDesktopLink\civ5 DLL\DDL_Sources\DLL-VMC-master_MY\\BuildTemp\VS2010_CvGameCoreDLL_Expansion2ModWin32\CvLuaTeam.obj"
         "D:\CDesktopLink\civ5 DLL\DDL_Sources\DLL-VMC-master_MY\\BuildTemp\VS2010_CvGameCoreDLL_Expansion2ModWin32\CvLuaTeamTech.obj"
         "D:\CDesktopLink\civ5 DLL\DDL_Sources\DLL-VMC-master_MY\\BuildTemp\VS2010_CvGameCoreDLL_Expansion2ModWin32\CvLuaUnit.obj" /LTCG 
         Microsoft (R) Incremental Linker Version 9.00.30729.01
         Copyright (C) Microsoft Corporation.  All rights reserved.
         
         "/OUT:D:\CDesktopLink\civ5 DLL\DDL_Sources\DLL-VMC-master_MY\\BuildOutput\VS2010_ModWin32\CvGameCore_Expansion2.dll" /INCREMENTAL:NO "/LIBPATH:D:\CDesktopLink\civ5 DLL\DDL_Sources\DLL-VMC-master_MY\\CvWorldBuilderMap\lib\\" "/LIBPATH:D:\CDesktopLink\civ5 DLL\DDL_Sources\DLL-VMC-master_MY\\CvGameCoreDLLUtil\lib\\" "/LIBPATH:D:\CDesktopLink\civ5 DLL\DDL_Sources\DLL-VMC-master_MY\\CvLocalization\lib\\" "/LIBPATH:D:\CDesktopLink\civ5 DLL\DDL_Sources\DLL-VMC-master_MY\\CvGameDatabase\lib\\" "/LIBPATH:D:\CDesktopLink\civ5 DLL\DDL_Sources\DLL-VMC-master_MY\FirePlace\lib\\" "/LIBPATH:D:\CDesktopLink\civ5 DLL\DDL_Sources\DLL-VMC-master_MY\ThirdPartyLibs\Lua51\lib\\" CvWorldBuilderMapWin32.lib CvGameCoreDLLUtilWin32.lib CvLocalizationWin32.lib CvGameDatabaseWin32.lib FireWorksWin32.lib FLuaWin32.lib lua51_Win32.lib winmm.lib kernel32.lib user32.lib gdi32.lib winspool.lib comdlg32.lib advapi32.lib shell32.lib ole32.lib oleaut32.lib uuid.lib odbc32.lib odbccp32.lib "/DEF:D:\CDesktopLink\civ5 DLL\DDL_Sources\DLL-VMC-master_MY\CvGameCoreDLL_Expansion2\CvGameCoreDLL.def" /MANIFEST "/ManifestFile:D:\CDesktopLink\civ5 DLL\DDL_Sources\DLL-VMC-master_MY\\BuildTemp\VS2010_CvGameCoreDLL_Expansion2ModWin32\CvGameCoreDLL_Expansion2Win32Mod.dll.intermediate.manifest" "/MANIFESTUAC:level='asInvoker' uiAccess='false'" /DEBUG "/PDB:D:\CDesktopLink\civ5 DLL\DDL_Sources\DLL-VMC-master_MY\\BuildOutput\VS2010_ModWin32\CvGameCoreDLL_Expansion2Win32Mod.pdb" /SUBSYSTEM:WINDOWS /LARGEADDRESSAWARE /OPT:REF /OPT:ICF /TLBID:1 /DYNAMICBASE:NO "/IMPLIB:D:\CDesktopLink\civ5 DLL\DDL_Sources\DLL-VMC-master_MY\\BuildOutput\VS2010_ModWin32\CvGameCoreDLL_Expansion2Win32Mod.lib" /MACHINE:X86 /DLL "D:\CDesktopLink\civ5 DLL\DDL_Sources\DLL-VMC-master_MY\\BuildTemp\VS2010_CvGameCoreDLL_Expansion2ModWin32\CvGameCoreDLL.res" 
         "D:\CDesktopLink\civ5 DLL\DDL_Sources\DLL-VMC-master_MY\\BuildTemp\VS2010_CvGameCoreDLL_Expansion2ModWin32\CustomMods.obj" 
         "D:\CDesktopLink\civ5 DLL\DDL_Sources\DLL-VMC-master_MY\\BuildTemp\VS2010_CvGameCoreDLL_Expansion2ModWin32\CvAchievementInfo.obj" 
         "D:\CDesktopLink\civ5 DLL\DDL_Sources\DLL-VMC-master_MY\\BuildTemp\VS2010_CvGameCoreDLL_Expansion2ModWin32\CvCityManager.obj" 
         "D:\CDesktopLink\civ5 DLL\DDL_Sources\DLL-VMC-master_MY\\BuildTemp\VS2010_CvGameCoreDLL_Expansion2ModWin32\CvEventLog.obj" 
         "D:\CDesktopLink\civ5 DLL\DDL_Sources\DLL-VMC-master_MY\\BuildTemp\VS2010_CvGameCoreDLL_Expansion2ModWin32\CvGreatPersonInfo.obj" 
         "D:\CDesktopLink\civ5 DLL\DDL_Sources\DLL-VMC-master_MY\\BuildTemp\VS2010_CvGameCoreDLL_Expansion2ModWin32\CvPlotInfo.obj" 
         "D:\CDesktopLink\civ5 DLL\DDL_Sources\DLL-VMC-master_MY\\BuildTemp\VS2010_CvGameCoreDLL_Expansion2ModWin32\CvQuestInfo.obj" 
         "D:\CDesktopLink\civ5 DLL\DDL_Sources\DLL-VMC-master_MY\\BuildTemp\VS2010_CvGameCoreDLL_Expansion2ModWin32\CvTargeting.obj" 
         "D:\CDesktopLink\civ5 DLL\DDL_Sources\DLL-VMC-master_MY\\BuildTemp\VS2010_CvGameCoreDLL_Expansion2ModWin32\_precompile.obj" 
         "D:\CDesktopLink\civ5 DLL\DDL_Sources\DLL-VMC-master_MY\\BuildTemp\VS2010_CvGameCoreDLL_Expansion2ModWin32\CvAchievementUnlocker.obj" 
         "D:\CDesktopLink\civ5 DLL\DDL_Sources\DLL-VMC-master_MY\\BuildTemp\VS2010_CvGameCoreDLL_Expansion2ModWin32\CvAdvisorCounsel.obj" 
         "D:\CDesktopLink\civ5 DLL\DDL_Sources\DLL-VMC-master_MY\\BuildTemp\VS2010_CvGameCoreDLL_Expansion2ModWin32\CvAdvisorRecommender.obj" 
         "D:\CDesktopLink\civ5 DLL\DDL_Sources\DLL-VMC-master_MY\\BuildTemp\VS2010_CvGameCoreDLL_Expansion2ModWin32\CvAIOperation.obj" 
         "D:\CDesktopLink\civ5 DLL\DDL_Sources\DLL-VMC-master_MY\\BuildTemp\VS2010_CvGameCoreDLL_Expansion2ModWin32\CvArea.obj" 
         "D:\CDesktopLink\civ5 DLL\DDL_Sources\DLL-VMC-master_MY\\BuildTemp\VS2010_CvGameCoreDLL_Expansion2ModWin32\CvArmyAI.obj" 
         "D:\CDesktopLink\civ5 DLL\DDL_Sources\DLL-VMC-master_MY\\BuildTemp\VS2010_CvGameCoreDLL_Expansion2ModWin32\CvAStar.obj" 
         "D:\CDesktopLink\civ5 DLL\DDL_Sources\DLL-VMC-master_MY\\BuildTemp\VS2010_CvGameCoreDLL_Expansion2ModWin32\CvBarbarians.obj" 
         "D:\CDesktopLink\civ5 DLL\DDL_Sources\DLL-VMC-master_MY\\BuildTemp\VS2010_CvGameCoreDLL_Expansion2ModWin32\CvBeliefClasses.obj" 
         "D:\CDesktopLink\civ5 DLL\DDL_Sources\DLL-VMC-master_MY\\BuildTemp\VS2010_CvGameCoreDLL_Expansion2ModWin32\CvBuilderTaskingAI.obj" 
         "D:\CDesktopLink\civ5 DLL\DDL_Sources\DLL-VMC-master_MY\\BuildTemp\VS2010_CvGameCoreDLL_Expansion2ModWin32\CvBuildingClasses.obj" 
         "D:\CDesktopLink\civ5 DLL\DDL_Sources\DLL-VMC-master_MY\\BuildTemp\VS2010_CvGameCoreDLL_Expansion2ModWin32\CvBuildingProductionAI.obj" 
         "D:\CDesktopLink\civ5 DLL\DDL_Sources\DLL-VMC-master_MY\\BuildTemp\VS2010_CvGameCoreDLL_Expansion2ModWin32\CvCity.obj" 
         "D:\CDesktopLink\civ5 DLL\DDL_Sources\DLL-VMC-master_MY\\BuildTemp\VS2010_CvGameCoreDLL_Expansion2ModWin32\CvCityAI.obj" 
         "D:\CDesktopLink\civ5 DLL\DDL_Sources\DLL-VMC-master_MY\\BuildTemp\VS2010_CvGameCoreDLL_Expansion2ModWin32\CvCityCitizens.obj" 
         "D:\CDesktopLink\civ5 DLL\DDL_Sources\DLL-VMC-master_MY\\BuildTemp\VS2010_CvGameCoreDLL_Expansion2ModWin32\CvCityConnections.obj" 
         "D:\CDesktopLink\civ5 DLL\DDL_Sources\DLL-VMC-master_MY\\BuildTemp\VS2010_CvGameCoreDLL_Expansion2ModWin32\CvCitySpecializationAI.obj" 
         "D:\CDesktopLink\civ5 DLL\DDL_Sources\DLL-VMC-master_MY\\BuildTemp\VS2010_CvGameCoreDLL_Expansion2ModWin32\CvCityStrategyAI.obj" 
         "D:\CDesktopLink\civ5 DLL\DDL_Sources\DLL-VMC-master_MY\\BuildTemp\VS2010_CvGameCoreDLL_Expansion2ModWin32\CvCultureClasses.obj" 
         "D:\CDesktopLink\civ5 DLL\DDL_Sources\DLL-VMC-master_MY\\BuildTemp\VS2010_CvGameCoreDLL_Expansion2ModWin32\CvDangerPlots.obj" 
         "D:\CDesktopLink\civ5 DLL\DDL_Sources\DLL-VMC-master_MY\\BuildTemp\VS2010_CvGameCoreDLL_Expansion2ModWin32\CvDatabaseUtility.obj" 
         "D:\CDesktopLink\civ5 DLL\DDL_Sources\DLL-VMC-master_MY\\BuildTemp\VS2010_CvGameCoreDLL_Expansion2ModWin32\CvDealAI.obj" 
         "D:\CDesktopLink\civ5 DLL\DDL_Sources\DLL-VMC-master_MY\\BuildTemp\VS2010_CvGameCoreDLL_Expansion2ModWin32\CvDealClasses.obj" 
         "D:\CDesktopLink\civ5 DLL\DDL_Sources\DLL-VMC-master_MY\\BuildTemp\VS2010_CvGameCoreDLL_Expansion2ModWin32\CvDiplomacyAI.obj" 
         "D:\CDesktopLink\civ5 DLL\DDL_Sources\DLL-VMC-master_MY\\BuildTemp\VS2010_CvGameCoreDLL_Expansion2ModWin32\CvDiplomacyRequests.obj" 
         "D:\CDesktopLink\civ5 DLL\DDL_Sources\DLL-VMC-master_MY\\BuildTemp\VS2010_CvGameCoreDLL_Expansion2ModWin32\CvEconomicAI.obj" 
         "D:\CDesktopLink\civ5 DLL\DDL_Sources\DLL-VMC-master_MY\\BuildTemp\VS2010_CvGameCoreDLL_Expansion2ModWin32\CvEmphasisClasses.obj" 
         "D:\CDesktopLink\civ5 DLL\DDL_Sources\DLL-VMC-master_MY\\BuildTemp\VS2010_CvGameCoreDLL_Expansion2ModWin32\CvEspionageClasses.obj" 
         "D:\CDesktopLink\civ5 DLL\DDL_Sources\DLL-VMC-master_MY\\BuildTemp\VS2010_CvGameCoreDLL_Expansion2ModWin32\CvFlavorManager.obj" 
         "D:\CDesktopLink\civ5 DLL\DDL_Sources\DLL-VMC-master_MY\\BuildTemp\VS2010_CvGameCoreDLL_Expansion2ModWin32\CvFractal.obj" 
         "D:\CDesktopLink\civ5 DLL\DDL_Sources\DLL-VMC-master_MY\\BuildTemp\VS2010_CvGameCoreDLL_Expansion2ModWin32\CvGame.obj" 
         "D:\CDesktopLink\civ5 DLL\DDL_Sources\DLL-VMC-master_MY\\BuildTemp\VS2010_CvGameCoreDLL_Expansion2ModWin32\CvGameCoreDLL.obj" 
         "D:\CDesktopLink\civ5 DLL\DDL_Sources\DLL-VMC-master_MY\\BuildTemp\VS2010_CvGameCoreDLL_Expansion2ModWin32\CvGameCoreEnumSerialization.obj" 
         "D:\CDesktopLink\civ5 DLL\DDL_Sources\DLL-VMC-master_MY\\BuildTemp\VS2010_CvGameCoreDLL_Expansion2ModWin32\CvGameCoreUtils.obj" 
         "D:\CDesktopLink\civ5 DLL\DDL_Sources\DLL-VMC-master_MY\\BuildTemp\VS2010_CvGameCoreDLL_Expansion2ModWin32\CvGameQueries.obj" 
         "D:\CDesktopLink\civ5 DLL\DDL_Sources\DLL-VMC-master_MY\\BuildTemp\VS2010_CvGameCoreDLL_Expansion2ModWin32\CvGameTextMgr.obj" 
         "D:\CDesktopLink\civ5 DLL\DDL_Sources\DLL-VMC-master_MY\\BuildTemp\VS2010_CvGameCoreDLL_Expansion2ModWin32\CvGlobals.obj" 
         "D:\CDesktopLink\civ5 DLL\DDL_Sources\DLL-VMC-master_MY\\BuildTemp\VS2010_CvGameCoreDLL_Expansion2ModWin32\CvGoodyHuts.obj" 
         "D:\CDesktopLink\civ5 DLL\DDL_Sources\DLL-VMC-master_MY\\BuildTemp\VS2010_CvGameCoreDLL_Expansion2ModWin32\CvGrandStrategyAI.obj" 
         "D:\CDesktopLink\civ5 DLL\DDL_Sources\DLL-VMC-master_MY\\BuildTemp\VS2010_CvGameCoreDLL_Expansion2ModWin32\CvHomelandAI.obj" 
         "D:\CDesktopLink\civ5 DLL\DDL_Sources\DLL-VMC-master_MY\\BuildTemp\VS2010_CvGameCoreDLL_Expansion2ModWin32\CvImprovementClasses.obj" 
         "D:\CDesktopLink\civ5 DLL\DDL_Sources\DLL-VMC-master_MY\\BuildTemp\VS2010_CvGameCoreDLL_Expansion2ModWin32\CvInfos.obj" 
         "D:\CDesktopLink\civ5 DLL\DDL_Sources\DLL-VMC-master_MY\\BuildTemp\VS2010_CvGameCoreDLL_Expansion2ModWin32\CvInfosSerializationHelper.obj" 
         "D:\CDesktopLink\civ5 DLL\DDL_Sources\DLL-VMC-master_MY\\BuildTemp\VS2010_CvGameCoreDLL_Expansion2ModWin32\CvInternalGameCoreUtils.obj" 
         "D:\CDesktopLink\civ5 DLL\DDL_Sources\DLL-VMC-master_MY\\BuildTemp\VS2010_CvGameCoreDLL_Expansion2ModWin32\CvMap.obj" 
         "D:\CDesktopLink\civ5 DLL\DDL_Sources\DLL-VMC-master_MY\\BuildTemp\VS2010_CvGameCoreDLL_Expansion2ModWin32\CvMapGenerator.obj" 
         "D:\CDesktopLink\civ5 DLL\DDL_Sources\DLL-VMC-master_MY\\BuildTemp\VS2010_CvGameCoreDLL_Expansion2ModWin32\CvMilitaryAI.obj" 
         "D:\CDesktopLink\civ5 DLL\DDL_Sources\DLL-VMC-master_MY\\BuildTemp\VS2010_CvGameCoreDLL_Expansion2ModWin32\CvMinorCivAI.obj" 
         "D:\CDesktopLink\civ5 DLL\DDL_Sources\DLL-VMC-master_MY\\BuildTemp\VS2010_CvGameCoreDLL_Expansion2ModWin32\CvNotificationClasses.obj" 
         "D:\CDesktopLink\civ5 DLL\DDL_Sources\DLL-VMC-master_MY\\BuildTemp\VS2010_CvGameCoreDLL_Expansion2ModWin32\CvNotifications.obj" 
         "D:\CDesktopLink\civ5 DLL\DDL_Sources\DLL-VMC-master_MY\\BuildTemp\VS2010_CvGameCoreDLL_Expansion2ModWin32\CvPlayer.obj" 
         "D:\CDesktopLink\civ5 DLL\DDL_Sources\DLL-VMC-master_MY\\BuildTemp\VS2010_CvGameCoreDLL_Expansion2ModWin32\CvPlayerAI.obj" 
         "D:\CDesktopLink\civ5 DLL\DDL_Sources\DLL-VMC-master_MY\\BuildTemp\VS2010_CvGameCoreDLL_Expansion2ModWin32\CvPlayerManager.obj" 
         "D:\CDesktopLink\civ5 DLL\DDL_Sources\DLL-VMC-master_MY\\BuildTemp\VS2010_CvGameCoreDLL_Expansion2ModWin32\CvPlot.obj" 
         "D:\CDesktopLink\civ5 DLL\DDL_Sources\DLL-VMC-master_MY\\BuildTemp\VS2010_CvGameCoreDLL_Expansion2ModWin32\CvPlotManager.obj" 
         "D:\CDesktopLink\civ5 DLL\DDL_Sources\DLL-VMC-master_MY\\BuildTemp\VS2010_CvGameCoreDLL_Expansion2ModWin32\CvPolicyAI.obj" 
         "D:\CDesktopLink\civ5 DLL\DDL_Sources\DLL-VMC-master_MY\\BuildTemp\VS2010_CvGameCoreDLL_Expansion2ModWin32\CvPolicyClasses.obj" 
         "D:\CDesktopLink\civ5 DLL\DDL_Sources\DLL-VMC-master_MY\\BuildTemp\VS2010_CvGameCoreDLL_Expansion2ModWin32\CvPopupInfoSerialization.obj" 
         "D:\CDesktopLink\civ5 DLL\DDL_Sources\DLL-VMC-master_MY\\BuildTemp\VS2010_CvGameCoreDLL_Expansion2ModWin32\CvPopupReturn.obj" 
         "D:\CDesktopLink\civ5 DLL\DDL_Sources\DLL-VMC-master_MY\\BuildTemp\VS2010_CvGameCoreDLL_Expansion2ModWin32\CvPreGame.obj" 
         "D:\CDesktopLink\civ5 DLL\DDL_Sources\DLL-VMC-master_MY\\BuildTemp\VS2010_CvGameCoreDLL_Expansion2ModWin32\CvProcessProductionAI.obj" 
         "D:\CDesktopLink\civ5 DLL\DDL_Sources\DLL-VMC-master_MY\\BuildTemp\VS2010_CvGameCoreDLL_Expansion2ModWin32\CvProjectClasses.obj" 
         "D:\CDesktopLink\civ5 DLL\DDL_Sources\DLL-VMC-master_MY\\BuildTemp\VS2010_CvGameCoreDLL_Expansion2ModWin32\CvProjectProductionAI.obj" 
         "D:\CDesktopLink\civ5 DLL\DDL_Sources\DLL-VMC-master_MY\\BuildTemp\VS2010_CvGameCoreDLL_Expansion2ModWin32\CvPromotionClasses.obj" 
         "D:\CDesktopLink\civ5 DLL\DDL_Sources\DLL-VMC-master_MY\\BuildTemp\VS2010_CvGameCoreDLL_Expansion2ModWin32\CvRandom.obj" 
         "D:\CDesktopLink\civ5 DLL\DDL_Sources\DLL-VMC-master_MY\\BuildTemp\VS2010_CvGameCoreDLL_Expansion2ModWin32\CvReligionClasses.obj" 
         "D:\CDesktopLink\civ5 DLL\DDL_Sources\DLL-VMC-master_MY\\BuildTemp\VS2010_CvGameCoreDLL_Expansion2ModWin32\CvReplayInfo.obj" 
         "D:\CDesktopLink\civ5 DLL\DDL_Sources\DLL-VMC-master_MY\\BuildTemp\VS2010_CvGameCoreDLL_Expansion2ModWin32\CvReplayMessage.obj" 
         "D:\CDesktopLink\civ5 DLL\DDL_Sources\DLL-VMC-master_MY\\BuildTemp\VS2010_CvGameCoreDLL_Expansion2ModWin32\CvSiteEvaluationClasses.obj" 
         "D:\CDesktopLink\civ5 DLL\DDL_Sources\DLL-VMC-master_MY\\BuildTemp\VS2010_CvGameCoreDLL_Expansion2ModWin32\CvStartPositioner.obj" 
         "D:\CDesktopLink\civ5 DLL\DDL_Sources\DLL-VMC-master_MY\\BuildTemp\VS2010_CvGameCoreDLL_Expansion2ModWin32\cvStopWatch.obj" 
         "D:\CDesktopLink\civ5 DLL\DDL_Sources\DLL-VMC-master_MY\\BuildTemp\VS2010_CvGameCoreDLL_Expansion2ModWin32\CvStructs.obj" 
         "D:\CDesktopLink\civ5 DLL\DDL_Sources\DLL-VMC-master_MY\\BuildTemp\VS2010_CvGameCoreDLL_Expansion2ModWin32\CvTacticalAI.obj" 
         "D:\CDesktopLink\civ5 DLL\DDL_Sources\DLL-VMC-master_MY\\BuildTemp\VS2010_CvGameCoreDLL_Expansion2ModWin32\CvTacticalAnalysisMap.obj" 
         "D:\CDesktopLink\civ5 DLL\DDL_Sources\DLL-VMC-master_MY\\BuildTemp\VS2010_CvGameCoreDLL_Expansion2ModWin32\CvTeam.obj" 
         "D:\CDesktopLink\civ5 DLL\DDL_Sources\DLL-VMC-master_MY\\BuildTemp\VS2010_CvGameCoreDLL_Expansion2ModWin32\CvTechAI.obj" 
         "D:\CDesktopLink\civ5 DLL\DDL_Sources\DLL-VMC-master_MY\\BuildTemp\VS2010_CvGameCoreDLL_Expansion2ModWin32\CvTechClasses.obj" 
         "D:\CDesktopLink\civ5 DLL\DDL_Sources\DLL-VMC-master_MY\\BuildTemp\VS2010_CvGameCoreDLL_Expansion2ModWin32\CvTradeClasses.obj" 
         "D:\CDesktopLink\civ5 DLL\DDL_Sources\DLL-VMC-master_MY\\BuildTemp\VS2010_CvGameCoreDLL_Expansion2ModWin32\CvTraitClasses.obj" 
         "D:\CDesktopLink\civ5 DLL\DDL_Sources\DLL-VMC-master_MY\\BuildTemp\VS2010_CvGameCoreDLL_Expansion2ModWin32\CvTreasury.obj" 
         "D:\CDesktopLink\civ5 DLL\DDL_Sources\DLL-VMC-master_MY\\BuildTemp\VS2010_CvGameCoreDLL_Expansion2ModWin32\CvTypes.obj" 
         "D:\CDesktopLink\civ5 DLL\DDL_Sources\DLL-VMC-master_MY\\BuildTemp\VS2010_CvGameCoreDLL_Expansion2ModWin32\CvUnit.obj" 
         "D:\CDesktopLink\civ5 DLL\DDL_Sources\DLL-VMC-master_MY\\BuildTemp\VS2010_CvGameCoreDLL_Expansion2ModWin32\CvUnitClasses.obj" 
         "D:\CDesktopLink\civ5 DLL\DDL_Sources\DLL-VMC-master_MY\\BuildTemp\VS2010_CvGameCoreDLL_Expansion2ModWin32\CvUnitCombat.obj" 
         "D:\CDesktopLink\civ5 DLL\DDL_Sources\DLL-VMC-master_MY\\BuildTemp\VS2010_CvGameCoreDLL_Expansion2ModWin32\CvUnitCycler.obj" 
         "D:\CDesktopLink\civ5 DLL\DDL_Sources\DLL-VMC-master_MY\\BuildTemp\VS2010_CvGameCoreDLL_Expansion2ModWin32\CvUnitMission.obj" 
         "D:\CDesktopLink\civ5 DLL\DDL_Sources\DLL-VMC-master_MY\\BuildTemp\VS2010_CvGameCoreDLL_Expansion2ModWin32\CvUnitMovement.obj" 
         "D:\CDesktopLink\civ5 DLL\DDL_Sources\DLL-VMC-master_MY\\BuildTemp\VS2010_CvGameCoreDLL_Expansion2ModWin32\CvUnitProductionAI.obj" 
         "D:\CDesktopLink\civ5 DLL\DDL_Sources\DLL-VMC-master_MY\\BuildTemp\VS2010_CvGameCoreDLL_Expansion2ModWin32\CvVotingClasses.obj" 
         "D:\CDesktopLink\civ5 DLL\DDL_Sources\DLL-VMC-master_MY\\BuildTemp\VS2010_CvGameCoreDLL_Expansion2ModWin32\CvWonderProductionAI.obj" 
         "D:\CDesktopLink\civ5 DLL\DDL_Sources\DLL-VMC-master_MY\\BuildTemp\VS2010_CvGameCoreDLL_Expansion2ModWin32\CvWorldBuilderMapLoader.obj" 
         "D:\CDesktopLink\civ5 DLL\DDL_Sources\DLL-VMC-master_MY\\BuildTemp\VS2010_CvGameCoreDLL_Expansion2ModWin32\CvDllBuildInfo.obj" 
         "D:\CDesktopLink\civ5 DLL\DDL_Sources\DLL-VMC-master_MY\\BuildTemp\VS2010_CvGameCoreDLL_Expansion2ModWin32\CvDllBuildingInfo.obj" 
         "D:\CDesktopLink\civ5 DLL\DDL_Sources\DLL-VMC-master_MY\\BuildTemp\VS2010_CvGameCoreDLL_Expansion2ModWin32\CvDllCity.obj" 
         "D:\CDesktopLink\civ5 DLL\DDL_Sources\DLL-VMC-master_MY\\BuildTemp\VS2010_CvGameCoreDLL_Expansion2ModWin32\CvDllCivilizationInfo.obj" 
         "D:\CDesktopLink\civ5 DLL\DDL_Sources\DLL-VMC-master_MY\\BuildTemp\VS2010_CvGameCoreDLL_Expansion2ModWin32\CvDllColorInfo.obj" 
         "D:\CDesktopLink\civ5 DLL\DDL_Sources\DLL-VMC-master_MY\\BuildTemp\VS2010_CvGameCoreDLL_Expansion2ModWin32\CvDllCombatInfo.obj" 
         "D:\CDesktopLink\civ5 DLL\DDL_Sources\DLL-VMC-master_MY\\BuildTemp\VS2010_CvGameCoreDLL_Expansion2ModWin32\CvDllContext.obj" 
         "D:\CDesktopLink\civ5 DLL\DDL_Sources\DLL-VMC-master_MY\\BuildTemp\VS2010_CvGameCoreDLL_Expansion2ModWin32\CvDllDatabaseUtility.obj" 
         "D:\CDesktopLink\civ5 DLL\DDL_Sources\DLL-VMC-master_MY\\BuildTemp\VS2010_CvGameCoreDLL_Expansion2ModWin32\CvDllDeal.obj" 
         "D:\CDesktopLink\civ5 DLL\DDL_Sources\DLL-VMC-master_MY\\BuildTemp\VS2010_CvGameCoreDLL_Expansion2ModWin32\CvDllDealAI.obj" 
         "D:\CDesktopLink\civ5 DLL\DDL_Sources\DLL-VMC-master_MY\\BuildTemp\VS2010_CvGameCoreDLL_Expansion2ModWin32\CvDllDiplomacyAI.obj" 
         "D:\CDesktopLink\civ5 DLL\DDL_Sources\DLL-VMC-master_MY\\BuildTemp\VS2010_CvGameCoreDLL_Expansion2ModWin32\CvDllDlcPackageInfo.obj" 
         "D:\CDesktopLink\civ5 DLL\DDL_Sources\DLL-VMC-master_MY\\BuildTemp\VS2010_CvGameCoreDLL_Expansion2ModWin32\CvDllEraInfo.obj" 
         "D:\CDesktopLink\civ5 DLL\DDL_Sources\DLL-VMC-master_MY\\BuildTemp\VS2010_CvGameCoreDLL_Expansion2ModWin32\CvDllFeatureInfo.obj" 
         "D:\CDesktopLink\civ5 DLL\DDL_Sources\DLL-VMC-master_MY\\BuildTemp\VS2010_CvGameCoreDLL_Expansion2ModWin32\CvDllGame.obj" 
         "D:\CDesktopLink\civ5 DLL\DDL_Sources\DLL-VMC-master_MY\\BuildTemp\VS2010_CvGameCoreDLL_Expansion2ModWin32\CvDllGameAsynch.obj" 
         "D:\CDesktopLink\civ5 DLL\DDL_Sources\DLL-VMC-master_MY\\BuildTemp\VS2010_CvGameCoreDLL_Expansion2ModWin32\CvDllGameDeals.obj" 
         "D:\CDesktopLink\civ5 DLL\DDL_Sources\DLL-VMC-master_MY\\BuildTemp\VS2010_CvGameCoreDLL_Expansion2ModWin32\CvDllGameOptionInfo.obj" 
         "D:\CDesktopLink\civ5 DLL\DDL_Sources\DLL-VMC-master_MY\\BuildTemp\VS2010_CvGameCoreDLL_Expansion2ModWin32\CvDllGameSpeedInfo.obj" 
         "D:\CDesktopLink\civ5 DLL\DDL_Sources\DLL-VMC-master_MY\\BuildTemp\VS2010_CvGameCoreDLL_Expansion2ModWin32\CvDllHandicapInfo.obj" 
         "D:\CDesktopLink\civ5 DLL\DDL_Sources\DLL-VMC-master_MY\\BuildTemp\VS2010_CvGameCoreDLL_Expansion2ModWin32\CvDllImprovementInfo.obj" 
         "D:\CDesktopLink\civ5 DLL\DDL_Sources\DLL-VMC-master_MY\\BuildTemp\VS2010_CvGameCoreDLL_Expansion2ModWin32\CvDllInterfaceModeInfo.obj" 
         "D:\CDesktopLink\civ5 DLL\DDL_Sources\DLL-VMC-master_MY\\BuildTemp\VS2010_CvGameCoreDLL_Expansion2ModWin32\CvDllLeaderheadInfo.obj" 
         "D:\CDesktopLink\civ5 DLL\DDL_Sources\DLL-VMC-master_MY\\BuildTemp\VS2010_CvGameCoreDLL_Expansion2ModWin32\CvDllMap.obj" 
         "D:\CDesktopLink\civ5 DLL\DDL_Sources\DLL-VMC-master_MY\\BuildTemp\VS2010_CvGameCoreDLL_Expansion2ModWin32\CvDllMinorCivInfo.obj" 
         "D:\CDesktopLink\civ5 DLL\DDL_Sources\DLL-VMC-master_MY\\BuildTemp\VS2010_CvGameCoreDLL_Expansion2ModWin32\CvDllMissionData.obj" 
         "D:\CDesktopLink\civ5 DLL\DDL_Sources\DLL-VMC-master_MY\\BuildTemp\VS2010_CvGameCoreDLL_Expansion2ModWin32\CvDllMissionInfo.obj" 
         "D:\CDesktopLink\civ5 DLL\DDL_Sources\DLL-VMC-master_MY\\BuildTemp\VS2010_CvGameCoreDLL_Expansion2ModWin32\CvDllNetInitInfo.obj" 
         "D:\CDesktopLink\civ5 DLL\DDL_Sources\DLL-VMC-master_MY\\BuildTemp\VS2010_CvGameCoreDLL_Expansion2ModWin32\CvDllNetLoadGameInfo.obj" 
         "D:\CDesktopLink\civ5 DLL\DDL_Sources\DLL-VMC-master_MY\\BuildTemp\VS2010_CvGameCoreDLL_Expansion2ModWin32\CvDllNetMessageHandler.obj" 
         "D:\CDesktopLink\civ5 DLL\DDL_Sources\DLL-VMC-master_MY\\BuildTemp\VS2010_CvGameCoreDLL_Expansion2ModWin32\CvDllNetworkSyncronization.obj" 
         "D:\CDesktopLink\civ5 DLL\DDL_Sources\DLL-VMC-master_MY\\BuildTemp\VS2010_CvGameCoreDLL_Expansion2ModWin32\CvDllPathFinderUpdate.obj" 
         "D:\CDesktopLink\civ5 DLL\DDL_Sources\DLL-VMC-master_MY\\BuildTemp\VS2010_CvGameCoreDLL_Expansion2ModWin32\CvDllPlayer.obj" 
         "D:\CDesktopLink\civ5 DLL\DDL_Sources\DLL-VMC-master_MY\\BuildTemp\VS2010_CvGameCoreDLL_Expansion2ModWin32\CvDllPlayerColorInfo.obj" 
         "D:\CDesktopLink\civ5 DLL\DDL_Sources\DLL-VMC-master_MY\\BuildTemp\VS2010_CvGameCoreDLL_Expansion2ModWin32\CvDllPlayerOptionInfo.obj" 
         "D:\CDesktopLink\civ5 DLL\DDL_Sources\DLL-VMC-master_MY\\BuildTemp\VS2010_CvGameCoreDLL_Expansion2ModWin32\CvDllPlot.obj" 
         "D:\CDesktopLink\civ5 DLL\DDL_Sources\DLL-VMC-master_MY\\BuildTemp\VS2010_CvGameCoreDLL_Expansion2ModWin32\CvDllPolicyInfo.obj" 
         "D:\CDesktopLink\civ5 DLL\DDL_Sources\DLL-VMC-master_MY\\BuildTemp\VS2010_CvGameCoreDLL_Expansion2ModWin32\CvDllPreGame.obj" 
         "D:\CDesktopLink\civ5 DLL\DDL_Sources\DLL-VMC-master_MY\\BuildTemp\VS2010_CvGameCoreDLL_Expansion2ModWin32\CvDllPromotionInfo.obj" 
         "D:\CDesktopLink\civ5 DLL\DDL_Sources\DLL-VMC-master_MY\\BuildTemp\VS2010_CvGameCoreDLL_Expansion2ModWin32\CvDllRandom.obj" 
         "D:\CDesktopLink\civ5 DLL\DDL_Sources\DLL-VMC-master_MY\\BuildTemp\VS2010_CvGameCoreDLL_Expansion2ModWin32\CvDllResourceInfo.obj" 
         "D:\CDesktopLink\civ5 DLL\DDL_Sources\DLL-VMC-master_MY\\BuildTemp\VS2010_CvGameCoreDLL_Expansion2ModWin32\CvDllScriptSystemUtility.obj" 
         "D:\CDesktopLink\civ5 DLL\DDL_Sources\DLL-VMC-master_MY\\BuildTemp\VS2010_CvGameCoreDLL_Expansion2ModWin32\CvDllTeam.obj" 
         "D:\CDesktopLink\civ5 DLL\DDL_Sources\DLL-VMC-master_MY\\BuildTemp\VS2010_CvGameCoreDLL_Expansion2ModWin32\CvDllTechInfo.obj" 
         "D:\CDesktopLink\civ5 DLL\DDL_Sources\DLL-VMC-master_MY\\BuildTemp\VS2010_CvGameCoreDLL_Expansion2ModWin32\CvDllTerrainInfo.obj" 
         "D:\CDesktopLink\civ5 DLL\DDL_Sources\DLL-VMC-master_MY\\BuildTemp\VS2010_CvGameCoreDLL_Expansion2ModWin32\CvDllUnit.obj" 
         "D:\CDesktopLink\civ5 DLL\DDL_Sources\DLL-VMC-master_MY\\BuildTemp\VS2010_CvGameCoreDLL_Expansion2ModWin32\CvDllUnitCombatClassInfo.obj" 
         "D:\CDesktopLink\civ5 DLL\DDL_Sources\DLL-VMC-master_MY\\BuildTemp\VS2010_CvGameCoreDLL_Expansion2ModWin32\CvDllUnitInfo.obj" 
         "D:\CDesktopLink\civ5 DLL\DDL_Sources\DLL-VMC-master_MY\\BuildTemp\VS2010_CvGameCoreDLL_Expansion2ModWin32\CvDllVictoryInfo.obj" 
         "D:\CDesktopLink\civ5 DLL\DDL_Sources\DLL-VMC-master_MY\\BuildTemp\VS2010_CvGameCoreDLL_Expansion2ModWin32\CvDllWorldBuilderMapLoader.obj" 
         "D:\CDesktopLink\civ5 DLL\DDL_Sources\DLL-VMC-master_MY\\BuildTemp\VS2010_CvGameCoreDLL_Expansion2ModWin32\CvDllWorldInfo.obj" 
         "D:\CDesktopLink\civ5 DLL\DDL_Sources\DLL-VMC-master_MY\\BuildTemp\VS2010_CvGameCoreDLL_Expansion2ModWin32\CvLuaArea.obj" 
         "D:\CDesktopLink\civ5 DLL\DDL_Sources\DLL-VMC-master_MY\\BuildTemp\VS2010_CvGameCoreDLL_Expansion2ModWin32\CvLuaArgsHandle.obj" 
         "D:\CDesktopLink\civ5 DLL\DDL_Sources\DLL-VMC-master_MY\\BuildTemp\VS2010_CvGameCoreDLL_Expansion2ModWin32\CvLuaCity.obj" 
         "D:\CDesktopLink\civ5 DLL\DDL_Sources\DLL-VMC-master_MY\\BuildTemp\VS2010_CvGameCoreDLL_Expansion2ModWin32\CvLuaDeal.obj" 
         "D:\CDesktopLink\civ5 DLL\DDL_Sources\DLL-VMC-master_MY\\BuildTemp\VS2010_CvGameCoreDLL_Expansion2ModWin32\CvLuaEnums.obj" 
         "D:\CDesktopLink\civ5 DLL\DDL_Sources\DLL-VMC-master_MY\\BuildTemp\VS2010_CvGameCoreDLL_Expansion2ModWin32\CvLuaFractal.obj" 
         "D:\CDesktopLink\civ5 DLL\DDL_Sources\DLL-VMC-master_MY\\BuildTemp\VS2010_CvGameCoreDLL_Expansion2ModWin32\CvLuaGame.obj" 
         "D:\CDesktopLink\civ5 DLL\DDL_Sources\DLL-VMC-master_MY\\BuildTemp\VS2010_CvGameCoreDLL_Expansion2ModWin32\CvLuaGameInfo.obj" 
         "D:\CDesktopLink\civ5 DLL\DDL_Sources\DLL-VMC-master_MY\\BuildTemp\VS2010_CvGameCoreDLL_Expansion2ModWin32\CvLuaLeague.obj" 
         "D:\CDesktopLink\civ5 DLL\DDL_Sources\DLL-VMC-master_MY\\BuildTemp\VS2010_CvGameCoreDLL_Expansion2ModWin32\CvLuaMap.obj" 
         "D:\CDesktopLink\civ5 DLL\DDL_Sources\DLL-VMC-master_MY\\BuildTemp\VS2010_CvGameCoreDLL_Expansion2ModWin32\CvLuaPlayer.obj" 
         "D:\CDesktopLink\civ5 DLL\DDL_Sources\DLL-VMC-master_MY\\BuildTemp\VS2010_CvGameCoreDLL_Expansion2ModWin32\CvLuaPlot.obj" 
         "D:\CDesktopLink\civ5 DLL\DDL_Sources\DLL-VMC-master_MY\\BuildTemp\VS2010_CvGameCoreDLL_Expansion2ModWin32\CvLuaSupport.obj" 
         "D:\CDesktopLink\civ5 DLL\DDL_Sources\DLL-VMC-master_MY\\BuildTemp\VS2010_CvGameCoreDLL_Expansion2ModWin32\CvLuaTeam.obj" 
         "D:\CDesktopLink\civ5 DLL\DDL_Sources\DLL-VMC-master_MY\\BuildTemp\VS2010_CvGameCoreDLL_Expansion2ModWin32\CvLuaTeamTech.obj" 
         "D:\CDesktopLink\civ5 DLL\DDL_Sources\DLL-VMC-master_MY\\BuildTemp\VS2010_CvGameCoreDLL_Expansion2ModWin32\CvLuaUnit.obj" /LTCG 
            Creating library D:\CDesktopLink\civ5 DLL\DDL_Sources\DLL-VMC-master_MY\\BuildOutput\VS2010_ModWin32\CvGameCoreDLL_Expansion2Win32Mod.lib and object D:\CDesktopLink\civ5 DLL\DDL_Sources\DLL-VMC-master_MY\\BuildOutput\VS2010_ModWin32\CvGameCoreDLL_Expansion2Win32Mod.exp
         Generating code
         Finished generating code
     1>FireWorksWin32.lib(FEndian.obj) : warning LNK4099: PDB 'cvgamecorefireworksfinal releasewin32.pdb' was not found with 'D:\CDesktopLink\civ5 DLL\DDL_Sources\DLL-VMC-master_MY\FirePlace\lib\\FireWorksWin32.lib' or at 'D:\CDesktopLink\civ5 DLL\DDL_Sources\DLL-VMC-master_MY\BuildOutput\VS2010_ModWin32\cvgamecorefireworksfinal releasewin32.pdb'; linking object as if no debug info
     1>FireWorksWin32.lib(FDebugHelper.obj) : warning LNK4099: PDB 'cvgamecorefireworksfinal releasewin32.pdb' was not found with 'D:\CDesktopLink\civ5 DLL\DDL_Sources\DLL-VMC-master_MY\FirePlace\lib\\FireWorksWin32.lib' or at 'D:\CDesktopLink\civ5 DLL\DDL_Sources\DLL-VMC-master_MY\BuildOutput\VS2010_ModWin32\cvgamecorefireworksfinal releasewin32.pdb'; linking object as if no debug info
     1>CvWorldBuilderMapWin32.lib(CvWorldBuilderMapTypeGroup.obj) : warning LNK4099: PDB 'vc90.pdb' was not found with 'D:\CDesktopLink\civ5 DLL\DDL_Sources\DLL-VMC-master_MY\\CvWorldBuilderMap\lib\\CvWorldBuilderMapWin32.lib' or at 'D:\CDesktopLink\civ5 DLL\DDL_Sources\DLL-VMC-master_MY\BuildOutput\VS2010_ModWin32\vc90.pdb'; linking object as if no debug info
     1>FireWorksWin32.lib(FAutoVariableBase.obj) : warning LNK4099: PDB 'cvgamecorefireworksfinal releasewin32.pdb' was not found with 'D:\CDesktopLink\civ5 DLL\DDL_Sources\DLL-VMC-master_MY\FirePlace\lib\\FireWorksWin32.lib' or at 'D:\CDesktopLink\civ5 DLL\DDL_Sources\DLL-VMC-master_MY\BuildOutput\VS2010_ModWin32\cvgamecorefireworksfinal releasewin32.pdb'; linking object as if no debug info
     1>FireWorksWin32.lib(FCrc32.obj) : warning LNK4099: PDB 'cvgamecorefireworksfinal releasewin32.pdb' was not found with 'D:\CDesktopLink\civ5 DLL\DDL_Sources\DLL-VMC-master_MY\FirePlace\lib\\FireWorksWin32.lib' or at 'D:\CDesktopLink\civ5 DLL\DDL_Sources\DLL-VMC-master_MY\BuildOutput\VS2010_ModWin32\cvgamecorefireworksfinal releasewin32.pdb'; linking object as if no debug info
     1>FireWorksWin32.lib(FMemHooks.obj) : warning LNK4099: PDB 'cvgamecorefireworksfinal releasewin32.pdb' was not found with 'D:\CDesktopLink\civ5 DLL\DDL_Sources\DLL-VMC-master_MY\FirePlace\lib\\FireWorksWin32.lib' or at 'D:\CDesktopLink\civ5 DLL\DDL_Sources\DLL-VMC-master_MY\BuildOutput\VS2010_ModWin32\cvgamecorefireworksfinal releasewin32.pdb'; linking object as if no debug info
     1>FireWorksWin32.lib(FStlContainerSerialization.obj) : warning LNK4099: PDB 'cvgamecorefireworksfinal releasewin32.pdb' was not found with 'D:\CDesktopLink\civ5 DLL\DDL_Sources\DLL-VMC-master_MY\FirePlace\lib\\FireWorksWin32.lib' or at 'D:\CDesktopLink\civ5 DLL\DDL_Sources\DLL-VMC-master_MY\BuildOutput\VS2010_ModWin32\cvgamecorefireworksfinal releasewin32.pdb'; linking object as if no debug info
     1>FireWorksWin32.lib(FDialogTemplate.obj) : warning LNK4099: PDB 'cvgamecorefireworksfinal releasewin32.pdb' was not found with 'D:\CDesktopLink\civ5 DLL\DDL_Sources\DLL-VMC-master_MY\FirePlace\lib\\FireWorksWin32.lib' or at 'D:\CDesktopLink\civ5 DLL\DDL_Sources\DLL-VMC-master_MY\BuildOutput\VS2010_ModWin32\cvgamecorefireworksfinal releasewin32.pdb'; linking object as if no debug info
     1>FireWorksWin32.lib(StdAfx.obj) : warning LNK4099: PDB 'cvgamecorefireworksfinal releasewin32.pdb' was not found with 'D:\CDesktopLink\civ5 DLL\DDL_Sources\DLL-VMC-master_MY\FirePlace\lib\\FireWorksWin32.lib' or at 'D:\CDesktopLink\civ5 DLL\DDL_Sources\DLL-VMC-master_MY\BuildOutput\VS2010_ModWin32\cvgamecorefireworksfinal releasewin32.pdb'; linking object as if no debug info
     1>FireWorksWin32.lib(FIFile.obj) : warning LNK4099: PDB 'cvgamecorefireworksfinal releasewin32.pdb' was not found with 'D:\CDesktopLink\civ5 DLL\DDL_Sources\DLL-VMC-master_MY\FirePlace\lib\\FireWorksWin32.lib' or at 'D:\CDesktopLink\civ5 DLL\DDL_Sources\DLL-VMC-master_MY\BuildOutput\VS2010_ModWin32\cvgamecorefireworksfinal releasewin32.pdb'; linking object as if no debug info
     1>FireWorksWin32.lib(FTimer.obj) : warning LNK4099: PDB 'cvgamecorefireworksfinal releasewin32.pdb' was not found with 'D:\CDesktopLink\civ5 DLL\DDL_Sources\DLL-VMC-master_MY\FirePlace\lib\\FireWorksWin32.lib' or at 'D:\CDesktopLink\civ5 DLL\DDL_Sources\DLL-VMC-master_MY\BuildOutput\VS2010_ModWin32\cvgamecorefireworksfinal releasewin32.pdb'; linking object as if no debug info
     1>CvWorldBuilderMapWin32.lib(CvWorldBuilderMapModData.obj) : warning LNK4099: PDB 'vc90.pdb' was not found with 'D:\CDesktopLink\civ5 DLL\DDL_Sources\DLL-VMC-master_MY\\CvWorldBuilderMap\lib\\CvWorldBuilderMapWin32.lib' or at 'D:\CDesktopLink\civ5 DLL\DDL_Sources\DLL-VMC-master_MY\BuildOutput\VS2010_ModWin32\vc90.pdb'; linking object as if no debug info
     1>FireWorksWin32.lib(FAutoArchive.obj) : warning LNK4099: PDB 'cvgamecorefireworksfinal releasewin32.pdb' was not found with 'D:\CDesktopLink\civ5 DLL\DDL_Sources\DLL-VMC-master_MY\FirePlace\lib\\FireWorksWin32.lib' or at 'D:\CDesktopLink\civ5 DLL\DDL_Sources\DLL-VMC-master_MY\BuildOutput\VS2010_ModWin32\cvgamecorefireworksfinal releasewin32.pdb'; linking object as if no debug info
     1>FireWorksWin32.lib(FDataStream.obj) : warning LNK4099: PDB 'cvgamecorefireworksfinal releasewin32.pdb' was not found with 'D:\CDesktopLink\civ5 DLL\DDL_Sources\DLL-VMC-master_MY\FirePlace\lib\\FireWorksWin32.lib' or at 'D:\CDesktopLink\civ5 DLL\DDL_Sources\DLL-VMC-master_MY\BuildOutput\VS2010_ModWin32\cvgamecorefireworksfinal releasewin32.pdb'; linking object as if no debug info
     1>CvWorldBuilderMapWin32.lib(CvWorldBuilderMapPCH.obj) : warning LNK4099: PDB 'vc90.pdb' was not found with 'D:\CDesktopLink\civ5 DLL\DDL_Sources\DLL-VMC-master_MY\\CvWorldBuilderMap\lib\\CvWorldBuilderMapWin32.lib' or at 'D:\CDesktopLink\civ5 DLL\DDL_Sources\DLL-VMC-master_MY\BuildOutput\VS2010_ModWin32\vc90.pdb'; linking object as if no debug info
     1>FireWorksWin32.lib(FError.obj) : warning LNK4099: PDB 'cvgamecorefireworksfinal releasewin32.pdb' was not found with 'D:\CDesktopLink\civ5 DLL\DDL_Sources\DLL-VMC-master_MY\FirePlace\lib\\FireWorksWin32.lib' or at 'D:\CDesktopLink\civ5 DLL\DDL_Sources\DLL-VMC-master_MY\BuildOutput\VS2010_ModWin32\cvgamecorefireworksfinal releasewin32.pdb'; linking object as if no debug info
     1>FireWorksWin32.lib(FCriticalSection.obj) : warning LNK4099: PDB 'cvgamecorefireworksfinal releasewin32.pdb' was not found with 'D:\CDesktopLink\civ5 DLL\DDL_Sources\DLL-VMC-master_MY\FirePlace\lib\\FireWorksWin32.lib' or at 'D:\CDesktopLink\civ5 DLL\DDL_Sources\DLL-VMC-master_MY\BuildOutput\VS2010_ModWin32\cvgamecorefireworksfinal releasewin32.pdb'; linking object as if no debug info
     1>CvWorldBuilderMapWin32.lib(CvWorldBuilderMapTypeDesc.obj) : warning LNK4099: PDB 'vc90.pdb' was not found with 'D:\CDesktopLink\civ5 DLL\DDL_Sources\DLL-VMC-master_MY\\CvWorldBuilderMap\lib\\CvWorldBuilderMapWin32.lib' or at 'D:\CDesktopLink\civ5 DLL\DDL_Sources\DLL-VMC-master_MY\BuildOutput\VS2010_ModWin32\vc90.pdb'; linking object as if no debug info
     1>FireWorksWin32.lib(FMemoryStream.obj) : warning LNK4099: PDB 'cvgamecorefireworksfinal releasewin32.pdb' was not found with 'D:\CDesktopLink\civ5 DLL\DDL_Sources\DLL-VMC-master_MY\FirePlace\lib\\FireWorksWin32.lib' or at 'D:\CDesktopLink\civ5 DLL\DDL_Sources\DLL-VMC-master_MY\BuildOutput\VS2010_ModWin32\cvgamecorefireworksfinal releasewin32.pdb'; linking object as if no debug info
     1>FireWorksWin32.lib(FString.obj) : warning LNK4099: PDB 'cvgamecorefireworksfinal releasewin32.pdb' was not found with 'D:\CDesktopLink\civ5 DLL\DDL_Sources\DLL-VMC-master_MY\FirePlace\lib\\FireWorksWin32.lib' or at 'D:\CDesktopLink\civ5 DLL\DDL_Sources\DLL-VMC-master_MY\BuildOutput\VS2010_ModWin32\cvgamecorefireworksfinal releasewin32.pdb'; linking object as if no debug info
     1>FireWorksWin32.lib(FILogFile.obj) : warning LNK4099: PDB 'cvgamecorefireworksfinal releasewin32.pdb' was not found with 'D:\CDesktopLink\civ5 DLL\DDL_Sources\DLL-VMC-master_MY\FirePlace\lib\\FireWorksWin32.lib' or at 'D:\CDesktopLink\civ5 DLL\DDL_Sources\DLL-VMC-master_MY\BuildOutput\VS2010_ModWin32\cvgamecorefireworksfinal releasewin32.pdb'; linking object as if no debug info
     1>CvWorldBuilderMapWin32.lib(CvWorldBuilderMap.obj) : warning LNK4099: PDB 'vc90.pdb' was not found with 'D:\CDesktopLink\civ5 DLL\DDL_Sources\DLL-VMC-master_MY\\CvWorldBuilderMap\lib\\CvWorldBuilderMapWin32.lib' or at 'D:\CDesktopLink\civ5 DLL\DDL_Sources\DLL-VMC-master_MY\BuildOutput\VS2010_ModWin32\vc90.pdb'; linking object as if no debug info
     1>FireWorksWin32.lib(FTempHeap.obj) : warning LNK4099: PDB 'cvgamecorefireworksfinal releasewin32.pdb' was not found with 'D:\CDesktopLink\civ5 DLL\DDL_Sources\DLL-VMC-master_MY\FirePlace\lib\\FireWorksWin32.lib' or at 'D:\CDesktopLink\civ5 DLL\DDL_Sources\DLL-VMC-master_MY\BuildOutput\VS2010_ModWin32\cvgamecorefireworksfinal releasewin32.pdb'; linking object as if no debug info
     1>CvGameCoreDLLUtilWin32.lib(CvEnumSerialization.obj) : warning LNK4099: PDB 'vc90.pdb' was not found with 'D:\CDesktopLink\civ5 DLL\DDL_Sources\DLL-VMC-master_MY\\CvGameCoreDLLUtil\lib\\CvGameCoreDLLUtilWin32.lib' or at 'D:\CDesktopLink\civ5 DLL\DDL_Sources\DLL-VMC-master_MY\BuildOutput\VS2010_ModWin32\vc90.pdb'; linking object as if no debug info
     1>CvGameCoreDLLUtilWin32.lib(CvStringUtils.obj) : warning LNK4099: PDB 'vc90.pdb' was not found with 'D:\CDesktopLink\civ5 DLL\DDL_Sources\DLL-VMC-master_MY\\CvGameCoreDLLUtil\lib\\CvGameCoreDLLUtilWin32.lib' or at 'D:\CDesktopLink\civ5 DLL\DDL_Sources\DLL-VMC-master_MY\BuildOutput\VS2010_ModWin32\vc90.pdb'; linking object as if no debug info
     1>FLuaWin32.lib(FLuaCommon.obj) : warning LNK4099: PDB 'vc90.pdb' was not found with 'D:\CDesktopLink\civ5 DLL\DDL_Sources\DLL-VMC-master_MY\FirePlace\lib\\FLuaWin32.lib' or at 'D:\CDesktopLink\civ5 DLL\DDL_Sources\DLL-VMC-master_MY\BuildOutput\VS2010_ModWin32\vc90.pdb'; linking object as if no debug info
     1>FLuaWin32.lib(FLuaTypes.obj) : warning LNK4099: PDB 'vc90.pdb' was not found with 'D:\CDesktopLink\civ5 DLL\DDL_Sources\DLL-VMC-master_MY\FirePlace\lib\\FLuaWin32.lib' or at 'D:\CDesktopLink\civ5 DLL\DDL_Sources\DLL-VMC-master_MY\BuildOutput\VS2010_ModWin32\vc90.pdb'; linking object as if no debug info
         CvGameCoreDLL_Expansion2.vs2010.vcxproj -> D:\CDesktopLink\civ5 DLL\DDL_Sources\DLL-VMC-master_MY\\BuildOutput\VS2010_ModWin32\CvGameCoreDLL_Expansion2Win32Mod.dll
       Manifest:
         C:\Program Files\Microsoft SDKs\Windows\v6.0A\bin\mt.exe /nologo /verbose /outputresource:"D:\CDesktopLink\civ5 DLL\DDL_Sources\DLL-VMC-master_MY\\BuildOutput\VS2010_ModWin32\CvGameCore_Expansion2.dll;#2" /manifest "D:\CDesktopLink\civ5 DLL\DDL_Sources\DLL-VMC-master_MY\\BuildTemp\VS2010_CvGameCoreDLL_Expansion2ModWin32\CvGameCoreDLL_Expansion2Win32Mod.dll.intermediate.manifest"
       FinalizeBuildStatus:
         Deleting file "D:\CDesktopLink\civ5 DLL\DDL_Sources\DLL-VMC-master_MY\\BuildTemp\VS2010_CvGameCoreDLL_Expansion2ModWin32\CvGameCoreDLL_Expansion2.unsuccessfulbuild".
         Touching "D:\CDesktopLink\civ5 DLL\DDL_Sources\DLL-VMC-master_MY\\BuildTemp\VS2010_CvGameCoreDLL_Expansion2ModWin32\CvGameCoreDLL_Expansion2.lastbuildstate".
     1>Done Building Project "D:\CDesktopLink\civ5 DLL\DDL_Sources\DLL-VMC-master_MY\CvGameCoreDLL_Expansion2\CvGameCoreDLL_Expansion2.vs2010.vcxproj" (build target(s)).

Build succeeded.

Time Elapsed 00:00:04.81
